<?xml version="1.0" encoding="UTF-8" ?>
<testsuite tests="1" failures="0" name="com.andresescobar.DroolsDynamicRules.BookTemplateTest" time="3.18" errors="1" skipped="0">
  <properties>
    <property name="java.runtime.name" value="Java(TM) SE Runtime Environment"/>
    <property name="sun.boot.library.path" value="C:\Program Files\Java\jdk1.8.0_171\jre\bin"/>
    <property name="java.vm.version" value="25.171-b11"/>
    <property name="java.vm.vendor" value="Oracle Corporation"/>
    <property name="maven.multiModuleProjectDirectory" value="C:\Users\aescobac\Desktop\09-JPBM\Produccion\DroolsDynamicRules"/>
    <property name="java.vendor.url" value="http://java.oracle.com/"/>
    <property name="path.separator" value=";"/>
    <property name="guice.disable.misplaced.annotation.check" value="true"/>
    <property name="java.vm.name" value="Java HotSpot(TM) 64-Bit Server VM"/>
    <property name="file.encoding.pkg" value="sun.io"/>
    <property name="user.script" value=""/>
    <property name="user.country" value="ES"/>
    <property name="sun.java.launcher" value="SUN_STANDARD"/>
    <property name="sun.os.patch.level" value=""/>
    <property name="java.vm.specification.name" value="Java Virtual Machine Specification"/>
    <property name="user.dir" value="C:\Users\aescobac\Desktop\09-JPBM\Produccion\DroolsDynamicRules"/>
    <property name="java.runtime.version" value="1.8.0_171-b11"/>
    <property name="java.awt.graphicsenv" value="sun.awt.Win32GraphicsEnvironment"/>
    <property name="java.endorsed.dirs" value="C:\Program Files\Java\jdk1.8.0_171\jre\lib\endorsed"/>
    <property name="os.arch" value="amd64"/>
    <property name="java.io.tmpdir" value="C:\Users\aescobac\AppData\Local\Temp\"/>
    <property name="line.separator" value="
"/>
    <property name="java.vm.specification.vendor" value="Oracle Corporation"/>
    <property name="user.variant" value=""/>
    <property name="os.name" value="Windows 10"/>
    <property name="classworlds.conf" value="C:\Users\aescobac\Desktop\09-JPBM\Produccion\.metadata\.plugins\org.eclipse.m2e.launching\launches\m2conf4019241950035839543.tmp"/>
    <property name="sun.jnu.encoding" value="Cp1252"/>
    <property name="java.library.path" value="C:\Program Files\Java\jdk1.8.0_171\bin;C:\WINDOWS\Sun\Java\bin;C:\WINDOWS\system32;C:\WINDOWS;C:/Program Files/Java/jre1.8.0_221/bin/server;C:/Program Files/Java/jre1.8.0_221/bin;C:/Program Files/Java/jre1.8.0_221/lib/amd64;C:\ProgramData\DockerDesktop\version-bin;C:\Program Files\Docker\Docker\Resources\bin;C:\Program Files (x86)\Common Files\Oracle\Java\javapath;C:\Program Files\Python36\Scripts\;C:\Program Files\Python36\;C:\WINDOWS\system32;C:\WINDOWS;C:\WINDOWS\System32\Wbem;C:\WINDOWS\System32\WindowsPowerShell\v1.0\;C:\Program Files (x86)\Windows Kits\8.1\Windows Performance Toolkit\;C:\Program Files\Git\cmd;C:\Program Files\Notepad++;C:\apache-maven-3.5.3\bin;C:\Program Files (x86)\sbt\bin;C:\Program Files (x86)\scala\bin;C:\apache-ant-1.10.3\bin;C:\Program Files\Java\jdk1.8.0_171\bin;C:\Program Files\MySQL\MySQL Utilities 1.6\;C:\Program Files\MySQL\MySQL Server 8.0\bin;C:\Program Files\Microsoft VS Code\bin;C:\Program Files\PuTTY\;C:\WINDOWS\System32\OpenSSH\;C:\Program Files\nodejs\;C:\Program Files (x86)\Sennheiser\SoftphoneSDK\;C:\Ruby25-x64\bin;C:\Users\aescobac\AppData\Local\Microsoft\WindowsApps;C:\Program Files\Microsoft VS Code\bin;C:\Users\aescobac\AppData\Roaming\npm;C:\Program Files (x86)\CVSNT\;C:\WINDOWS\system32;;."/>
    <property name="java.specification.name" value="Java Platform API Specification"/>
    <property name="java.class.version" value="52.0"/>
    <property name="sun.management.compiler" value="HotSpot 64-Bit Tiered Compilers"/>
    <property name="os.version" value="10.0"/>
    <property name="user.home" value="C:\Users\aescobac"/>
    <property name="user.timezone" value="Europe/Paris"/>
    <property name="java.awt.printerjob" value="sun.awt.windows.WPrinterJob"/>
    <property name="java.specification.version" value="1.8"/>
    <property name="file.encoding" value="Cp1252"/>
    <property name="user.name" value="aescobac"/>
    <property name="java.class.path" value="C:\Users\aescobac\.p2\pool\plugins\org.eclipse.m2e.maven.runtime_1.10.0.20181127-2120\jars\plexus-classworlds-2.5.2.jar"/>
    <property name="java.vm.specification.version" value="1.8"/>
    <property name="sun.arch.data.model" value="64"/>
    <property name="java.home" value="C:\Program Files\Java\jdk1.8.0_171\jre"/>
    <property name="sun.java.command" value="org.codehaus.plexus.classworlds.launcher.Launcher -B install"/>
    <property name="java.specification.vendor" value="Oracle Corporation"/>
    <property name="user.language" value="es"/>
    <property name="awt.toolkit" value="sun.awt.windows.WToolkit"/>
    <property name="java.vm.info" value="mixed mode"/>
    <property name="java.version" value="1.8.0_171"/>
    <property name="java.ext.dirs" value="C:\Program Files\Java\jdk1.8.0_171\jre\lib\ext;C:\WINDOWS\Sun\Java\lib\ext"/>
    <property name="sun.boot.class.path" value="C:\Program Files\Java\jdk1.8.0_171\jre\lib\resources.jar;C:\Program Files\Java\jdk1.8.0_171\jre\lib\rt.jar;C:\Program Files\Java\jdk1.8.0_171\jre\lib\sunrsasign.jar;C:\Program Files\Java\jdk1.8.0_171\jre\lib\jsse.jar;C:\Program Files\Java\jdk1.8.0_171\jre\lib\jce.jar;C:\Program Files\Java\jdk1.8.0_171\jre\lib\charsets.jar;C:\Program Files\Java\jdk1.8.0_171\jre\lib\jfr.jar;C:\Program Files\Java\jdk1.8.0_171\jre\classes"/>
    <property name="java.vendor" value="Oracle Corporation"/>
    <property name="maven.home" value="C:\Users\aescobac\Desktop\09-JPBM\Produccion\DroolsDynamicRules\EMBEDDED"/>
    <property name="file.separator" value="\"/>
    <property name="java.vendor.url.bug" value="http://bugreport.sun.com/bugreport/"/>
    <property name="sun.cpu.endian" value="little"/>
    <property name="sun.io.unicode.encoding" value="UnicodeLittle"/>
    <property name="sun.desktop" value="windows"/>
    <property name="sun.cpu.isalist" value="amd64"/>
  </properties>
  <testcase classname="com.andresescobar.DroolsDynamicRules.BookTemplateTest" name="testSimpleBook" time="3.18">
    <error type="java.lang.NullPointerException">java.lang.NullPointerException
	at org.drools.decisiontable.parser.DefaultRuleSheetListener.flushRule(DefaultRuleSheetListener.java:307)
	at org.drools.decisiontable.parser.DefaultRuleSheetListener.finishSheet(DefaultRuleSheetListener.java:287)
	at org.drools.decisiontable.parser.csv.CsvParser.finishSheet(CsvParser.java:91)
	at org.drools.decisiontable.parser.csv.CsvParser.parseFile(CsvParser.java:67)
	at org.drools.decisiontable.SpreadsheetCompiler.compile(SpreadsheetCompiler.java:113)
	at org.drools.decisiontable.SpreadsheetCompiler.compile(SpreadsheetCompiler.java:86)
	at org.drools.decisiontable.DecisionTableProviderImpl.compileResource(DecisionTableProviderImpl.java:81)
	at org.drools.decisiontable.DecisionTableProviderImpl.loadFromResource(DecisionTableProviderImpl.java:42)
	at org.drools.compiler.compiler.DecisionTableFactory.loadFromResource(DecisionTableFactory.java:36)
	at org.drools.compiler.builder.impl.KnowledgeBuilderImpl.decisionTableToPackageDescr(KnowledgeBuilderImpl.java:411)
	at org.drools.compiler.builder.impl.CompositeKnowledgeBuilderImpl$ResourceToPkgDescrMapper.lambda$static$4(CompositeKnowledgeBuilderImpl.java:327)
	at org.drools.compiler.builder.impl.CompositeKnowledgeBuilderImpl.buildResource(CompositeKnowledgeBuilderImpl.java:199)
	at org.drools.compiler.builder.impl.CompositeKnowledgeBuilderImpl.buildPackageDescr(CompositeKnowledgeBuilderImpl.java:186)
	at org.drools.compiler.builder.impl.CompositeKnowledgeBuilderImpl.build(CompositeKnowledgeBuilderImpl.java:108)
	at org.drools.compiler.builder.impl.CompositeKnowledgeBuilderImpl.build(CompositeKnowledgeBuilderImpl.java:100)
	at org.drools.compiler.kie.builder.impl.AbstractKieProject.buildKnowledgePackages(AbstractKieProject.java:261)
	at org.drools.compiler.kie.builder.impl.AbstractKieModule.buildKnowledgePackages(AbstractKieModule.java:201)
	at org.drools.compiler.kie.builder.impl.AbstractKieModule.createKieBase(AbstractKieModule.java:215)
	at org.drools.compiler.kie.builder.impl.KieContainerImpl.createKieBase(KieContainerImpl.java:406)
	at org.drools.compiler.kie.builder.impl.KieContainerImpl.getKieBase(KieContainerImpl.java:374)
	at com.andresescobar.DroolsDynamicRules.BookTemplateTest.init(BookTemplateTest.java:21)
	at sun.reflect.NativeMethodAccessorImpl.invoke0(Native Method)
	at sun.reflect.NativeMethodAccessorImpl.invoke(NativeMethodAccessorImpl.java:62)
	at sun.reflect.DelegatingMethodAccessorImpl.invoke(DelegatingMethodAccessorImpl.java:43)
	at java.lang.reflect.Method.invoke(Method.java:498)
	at org.junit.runners.model.FrameworkMethod$1.runReflectiveCall(FrameworkMethod.java:47)
	at org.junit.internal.runners.model.ReflectiveCallable.run(ReflectiveCallable.java:12)
	at org.junit.runners.model.FrameworkMethod.invokeExplosively(FrameworkMethod.java:44)
	at org.junit.internal.runners.statements.RunBefores.evaluate(RunBefores.java:24)
	at org.junit.runners.ParentRunner.runLeaf(ParentRunner.java:271)
	at org.junit.runners.BlockJUnit4ClassRunner.runChild(BlockJUnit4ClassRunner.java:70)
	at org.junit.runners.BlockJUnit4ClassRunner.runChild(BlockJUnit4ClassRunner.java:50)
	at org.junit.runners.ParentRunner$3.run(ParentRunner.java:238)
	at org.junit.runners.ParentRunner$1.schedule(ParentRunner.java:63)
	at org.junit.runners.ParentRunner.runChildren(ParentRunner.java:236)
	at org.junit.runners.ParentRunner.access$000(ParentRunner.java:53)
	at org.junit.runners.ParentRunner$2.evaluate(ParentRunner.java:229)
	at org.junit.runners.ParentRunner.run(ParentRunner.java:309)
	at org.apache.maven.surefire.junit4.JUnit4Provider.execute(JUnit4Provider.java:252)
	at org.apache.maven.surefire.junit4.JUnit4Provider.executeTestSet(JUnit4Provider.java:141)
	at org.apache.maven.surefire.junit4.JUnit4Provider.invoke(JUnit4Provider.java:112)
	at sun.reflect.NativeMethodAccessorImpl.invoke0(Native Method)
	at sun.reflect.NativeMethodAccessorImpl.invoke(NativeMethodAccessorImpl.java:62)
	at sun.reflect.DelegatingMethodAccessorImpl.invoke(DelegatingMethodAccessorImpl.java:43)
	at java.lang.reflect.Method.invoke(Method.java:498)
	at org.apache.maven.surefire.util.ReflectionUtils.invokeMethodWithArray(ReflectionUtils.java:189)
	at org.apache.maven.surefire.booter.ProviderFactory$ProviderProxy.invoke(ProviderFactory.java:165)
	at org.apache.maven.surefire.booter.ProviderFactory.invokeProvider(ProviderFactory.java:85)
	at org.apache.maven.surefire.booter.ForkedBooter.runSuitesInProcess(ForkedBooter.java:115)
	at org.apache.maven.surefire.booter.ForkedBooter.main(ForkedBooter.java:75)
</error>
    <system-out>14:36:01.275 [main] DEBUG o.k.a.i.utils.ServiceDiscoveryImpl - Loading kie.conf from  jar:file:/C:/Users/aescobac/.m2/repository/org/drools/drools-decisiontables/7.25.0.Final/drools-decisiontables-7.25.0.Final.jar!/META-INF/kie.conf in classloader sun.misc.Launcher$AppClassLoader@6bc7c054
14:36:01.291 [main] INFO  o.k.a.i.utils.ServiceDiscoveryImpl - Adding Service org.drools.decisiontable.DecisionTableProviderImpl

14:36:01.301 [main] DEBUG o.k.a.i.utils.ServiceDiscoveryImpl - Loading kie.conf from  jar:file:/C:/Users/aescobac/.m2/repository/org/drools/drools-core/7.25.0.Final/drools-core-7.25.0.Final.jar!/META-INF/kie.conf in classloader sun.misc.Launcher$AppClassLoader@6bc7c054
14:36:01.306 [main] INFO  o.k.a.i.utils.ServiceDiscoveryImpl - Adding Service org.drools.core.io.impl.ResourceFactoryServiceImpl

14:36:01.310 [main] INFO  o.k.a.i.utils.ServiceDiscoveryImpl - Adding Service org.drools.core.marshalling.impl.MarshallerProviderImpl

14:36:01.312 [main] INFO  o.k.a.i.utils.ServiceDiscoveryImpl - Adding Service org.drools.core.concurrent.ExecutorProviderImpl

14:36:01.313 [main] DEBUG o.k.a.i.utils.ServiceDiscoveryImpl - Loading kie.conf from  jar:file:/C:/Users/aescobac/.m2/repository/org/kie/kie-internal/7.25.0.Final/kie-internal-7.25.0.Final.jar!/META-INF/kie.conf in classloader sun.misc.Launcher$AppClassLoader@6bc7c054
14:36:01.318 [main] INFO  o.k.a.i.utils.ServiceDiscoveryImpl - Adding Service org.kie.internal.services.KieAssemblersImpl

14:36:01.319 [main] INFO  o.k.a.i.utils.ServiceDiscoveryImpl - Adding Service org.kie.internal.services.KieRuntimesImpl

14:36:01.320 [main] INFO  o.k.a.i.utils.ServiceDiscoveryImpl - Adding Service org.kie.internal.services.KieWeaversImpl

14:36:01.322 [main] INFO  o.k.a.i.utils.ServiceDiscoveryImpl - Adding Service org.kie.internal.services.KieBeliefsImpl

14:36:01.322 [main] DEBUG o.k.a.i.utils.ServiceDiscoveryImpl - Loading kie.conf from  jar:file:/C:/Users/aescobac/.m2/repository/org/drools/drools-compiler/7.25.0.Final/drools-compiler-7.25.0.Final.jar!/META-INF/kie.conf in classloader sun.misc.Launcher$AppClassLoader@6bc7c054
14:36:01.332 [main] INFO  o.k.a.i.utils.ServiceDiscoveryImpl - Adding Service org.drools.compiler.kie.builder.impl.KieServicesImpl

14:36:01.339 [main] INFO  o.k.a.i.utils.ServiceDiscoveryImpl - Adding Service org.drools.compiler.builder.impl.KnowledgeBuilderFactoryServiceImpl

14:36:01.905 [main] INFO  o.d.c.k.b.impl.ClasspathKieProject - Found kmodule: file:/C:/Users/aescobac/Desktop/09-JPBM/Produccion/DroolsDynamicRules/target/classes/META-INF/kmodule.xml
14:36:01.907 [main] DEBUG o.d.c.k.b.impl.ClasspathKieProject - KieModule URL type=file url=/C:/Users/aescobac/Desktop/09-JPBM/Produccion/DroolsDynamicRules/target/classes
14:36:02.271 [main] DEBUG o.d.c.k.b.impl.ClasspathKieProject - Found and used pom.properties C:\Users\aescobac\Desktop\09-JPBM\Produccion\DroolsDynamicRules\target\classes\META-INF\maven\com.andresescobar\DroolsDynamicRules\pom.properties
14:36:02.278 [main] DEBUG o.d.c.k.b.impl.ClasspathKieProject - Discovered classpath module com.andresescobar:DroolsDynamicRules:0.0.1-SNAPSHOT
14:36:02.286 [main] INFO  o.d.c.k.b.impl.KieRepositoryImpl - KieModule was added: FileKieModule[releaseId=com.andresescobar:DroolsDynamicRules:0.0.1-SNAPSHOT,file=C:\Users\aescobac\Desktop\09-JPBM\Produccion\DroolsDynamicRules\target\classes]
14:36:03.792 [main] DEBUG org.drools.core.common.DefaultAgenda - State was INACTIVE is now FIRING_ALL_RULES
14:36:03.860 [main] DEBUG org.drools.core.common.DefaultAgenda - State was FIRING_ALL_RULES is now HALTING
14:36:03.860 [main] DEBUG org.drools.core.common.DefaultAgenda - State was HALTING is now INACTIVE
14:36:03.861 [main] DEBUG org.drools.core.common.DefaultAgenda - State was INACTIVE is now DISPOSED
</system-out>
  </testcase>
</testsuite>